MATRIX FUTURES DAILY BIAS REPORT - DATA COLLECTION LOG
======================================================
Date: 2026-02-16
Time: 02:37 EST (07:37 GMT)

This log details the data sources and values collected for the report generation.

1. FED STANCE (CME FedWatch Tool)
   - Source: https://www.cmegroup.com/markets/interest-rates/cme-fedwatch-tool.html
   - Assessment: DOVISH HOLD
   - Details: Market pricing in ~10% chance of a 25bps cut at the next meeting.

2. REAL YIELDS (FRED DFII10 / CNBC US10YTIP)
   - Primary Source: https://fred.stlouisfed.org/series/DFII10 (Stale)
   - Fallback Source: https://www.cnbc.com/quotes/US10YTIP
   - Value: 1.758%
   - Assessment: FLAT

3. USD (DXY) (TradingView)
   - Source: https://www.tradingview.com/symbols/TVC-DXY/
   - Value: 96.961
   - Assessment: WEAK/FALLING

4. RISK MOOD (VIX) (CNBC)
   - Source: https://www.cnbc.com/quotes/.VIX
   - Value: 20.60
   - Assessment: RISK-OFF

5. GROWTH NARRATIVE (Atlanta Fed GDPNow)
   - Source: https://www.atlantafed.org/cqer/research/gdpnow
   - Value: 3.7% (2025:Q4)
   - Assessment: STABLE

6. CREDIT SPREADS (FRED BAMLH0A0HYM2)
   - Source: https://fred.stlouisfed.org/series/BAMLH0A0HYM2
   - Value: 2.92%
   - Assessment: NARROWING

7. SOX (TradingView)
   - Source: https://www.tradingview.com/symbols/SOX/
   - Value: 8,090.33
   - Assessment: RISING

8. MOVE INDEX (TradingView)
   - Source: https://www.tradingview.com/symbols/TVC-MOVE/
   - Value: 70.1041
   - Assessment: RISING

9. 2s10s YIELD CURVE (FRED T10Y2Y)
   - Source: https://fred.stlouisfed.org/series/T10Y2Y
   - Value: 0.64%
   - Assessment: STEEPENING

10. COPPER (Investing.com)
    - Source: https://www.investing.com/commodities/copper
    - Value: 5.7803
    - Assessment: RISING

11. OIL INVENTORIES (EIA)
    - Source: Search results from eia.gov, rigzone.com, oilprice.com
    - Value: +8.5M barrels
    - Assessment: BUILD

12. GOLD ETF FLOWS (World Gold Council)
    - Source: Search results from gold.org, Reuters
    - Status: INFLOWS (Jan 2026)
    - Assessment: INFLOWS

13. GEOPOLITICAL RISK (News Analysis)
    - Source: Search results from WEF, BBVA Research, CFR
    - Assessment: STABLE

14. ECB STANCE (News Analysis)
    - Source: Search results from ECB, Reuters, ING
    - Assessment: NEUTRAL HOLD

15. RBA STANCE (News Analysis)
    - Source: Search results from RBA, Commbank, NAB
    - Assessment: HAWKISH HIKE

16. BOJ STANCE (News Analysis)
    - Source: Search results from BoJ, Reuters, Bloomberg
    - Assessment: HAWKISH HOLD

17. CHINA GROWTH (News Analysis)
    - Source: Search results from stats.gov.cn, S&P Global, Reuters
    - Assessment: SLOWING
